Start testing: Feb 08 21:14 EST
----------------------------------------------------------
1/1 Testing: test_porte
1/1 Test: test_porte
Command: "/home/bryan/Documents/projet/universite/Session1/IFT-2008/TP1/Code/build/test/test_porte"
Directory: /home/bryan/Documents/projet/universite/Session1/IFT-2008/TP1/Code/build/test
"test_porte" start time: Feb 08 21:14 EST
Output:
----------------------------------------------------------
Running main() from /home/bryan/Documents/projet/universite/Session1/IFT-2008/TP1/Code/build/gtest-target-prefix/src/gtest-target/googletest/src/gtest_main.cc
[==========] Running 6 tests from 1 test suite.
[----------] Global test environment set-up.
[----------] 6 tests from Studs
[ RUN      ] Studs.GivenACouleurAndAPieceWhenInstantiateAPorteThenCouleurAndPieceAttributeAreTheSame
[       OK ] Studs.GivenACouleurAndAPieceWhenInstantiateAPorteThenCouleurAndPieceAttributeAreTheSame (0 ms)
[ RUN      ] Studs.GivenNoArgumentWhenInstantiateAPorteThenAucunCouleurAndDestinationIsNullPointer
[       OK ] Studs.GivenNoArgumentWhenInstantiateAPorteThenAucunCouleurAndDestinationIsNullPointer (0 ms)
[ RUN      ] Studs.GivenAPorteWhenInstantiateAporteByCopyThenThePorteHaveTheSameValue
[       OK ] Studs.GivenAPorteWhenInstantiateAporteByCopyThenThePorteHaveTheSameValue (0 ms)
[ RUN      ] Studs.GivenAPorteWhenAsignItWithAnOtherPorteThenThePorteHaveTheSameAttribute
[       OK ] Studs.GivenAPorteWhenAsignItWithAnOtherPorteThenThePorteHaveTheSameAttribute (0 ms)
[ RUN      ] Studs.GivenTwoPorteIdenticalPorteWhenCheckingIfTheyAreEqualThenTrueIsReturned
[       OK ] Studs.GivenTwoPorteIdenticalPorteWhenCheckingIfTheyAreEqualThenTrueIsReturned (0 ms)
[ RUN      ] Studs.GivenTwoPorteNonIdenticalPorteWhenCheckingIfTheyAreEqualThenFalseIsReturned
[       OK ] Studs.GivenTwoPorteNonIdenticalPorteWhenCheckingIfTheyAreEqualThenFalseIsReturned (0 ms)
[----------] 6 tests from Studs (0 ms total)

[----------] Global test environment tear-down
[==========] 6 tests from 1 test suite ran. (0 ms total)
[  PASSED  ] 6 tests.
<end of output>
Test time =   0.00 sec
----------------------------------------------------------
Test Passed.
"test_porte" end time: Feb 08 21:14 EST
"test_porte" time elapsed: 00:00:00
----------------------------------------------------------

End testing: Feb 08 21:14 EST
